#-----------------------------------------------------------
# Webtalk v2017.4 (64-bit)
# SW Build 2086221 on Fri Dec 15 20:54:30 MST 2017
# 
# Start of session at: Mon Jan 14 14:18:12 2019
# Process ID: 18494
# Current directory: /home/matt/Git/dma_issue_demonstrator/te0808_project/te0808_project.sdk/webtalk
# Command line: wbtcv -mode batch -source sdk_webtalk.tcl
# Log file: /home/matt/Git/dma_issue_demonstrator/te0808_project/te0808_project.sdk/webtalk/webtalk.log
# Journal file: /home/matt/Git/dma_issue_demonstrator/te0808_project/te0808_project.sdk/webtalk/webtalk.jou
#-----------------------------------------------------------
source sdk_webtalk.tcl
# webtalk_init -webtalk_dir /home/matt/Git/dma_issue_demonstrator/te0808_project/te0808_project.sdk/webtalk
# webtalk_register_client -client project
# webtalk_add_data -client project -key date_generated -value "2019-01-14 14:18:10" -context "software_version_and_target_device"
# webtalk_add_data -client project -key product_version -value "SDK v2017.4" -context "software_version_and_target_device"
# webtalk_add_data -client project -key build_version -value "2017.4" -context "software_version_and_target_device"
# webtalk_add_data -client project -key os_platform -value "amd64" -context "software_version_and_target_device"
# webtalk_add_data -client project -key registration_id -value "174116392_174116393_210659485_826" -context "software_version_and_target_device"
# webtalk_add_data -client project -key tool_flow -value "SDK" -context "software_version_and_target_device"
# webtalk_add_data -client project -key beta -value "false" -context "software_version_and_target_device"
# webtalk_add_data -client project -key route_design -value "NA" -context "software_version_and_target_device"
# webtalk_add_data -client project -key target_family -value "NA" -context "software_version_and_target_device"
# webtalk_add_data -client project -key target_device -value "NA" -context "software_version_and_target_device"
# webtalk_add_data -client project -key target_package -value "NA" -context "software_version_and_target_device"
# webtalk_add_data -client project -key target_speed -value "NA" -context "software_version_and_target_device"
# webtalk_add_data -client project -key random_id -value "1ip6ab8lpsont2h2d4i3fs102r" -context "software_version_and_target_device"
# webtalk_add_data -client project -key project_id -value "2017.4_27" -context "software_version_and_target_device"
# webtalk_add_data -client project -key project_iteration -value "27" -context "software_version_and_target_device"
# webtalk_add_data -client project -key os_name -value "Ubuntu" -context "user_environment"
# webtalk_add_data -client project -key os_release -value "Ubuntu 16.04.4 LTS" -context "user_environment"
# webtalk_add_data -client project -key cpu_name -value "Intel(R) Core(TM) i7-3687U CPU @ 2.10GHz" -context "user_environment"
# webtalk_add_data -client project -key cpu_speed -value "2468.300 MHz" -context "user_environment"
# webtalk_add_data -client project -key total_processors -value "1" -context "user_environment"
# webtalk_add_data -client project -key system_ram -value "8.221 GB" -context "user_environment"
# webtalk_register_client -client sdk
# webtalk_add_data -client sdk -key uid -value "1547471363000" -context "sdk\\\\bsp/1547471363000"
# webtalk_add_data -client sdk -key hwid -value "1547400951000" -context "sdk\\\\bsp/1547471363000"
# webtalk_add_data -client sdk -key os -value "standalone" -context "sdk\\\\bsp/1547471363000"
# webtalk_add_data -client sdk -key apptemplate -value "null" -context "sdk\\\\bsp/1547471363000"
# webtalk_add_data -client sdk -key RecordType -value "BSPCreation" -context "sdk\\\\bsp/1547471363000"
# webtalk_add_data -client sdk -key uid -value "NA" -context "sdk\\\\bsp/1547471890480"
# webtalk_add_data -client sdk -key RecordType -value "ToolUsage" -context "sdk\\\\bsp/1547471890480"
# webtalk_add_data -client sdk -key BootgenCount -value "0" -context "sdk\\\\bsp/1547471890480"
# webtalk_add_data -client sdk -key DebugCount -value "20" -context "sdk\\\\bsp/1547471890480"
# webtalk_add_data -client sdk -key PerfCount -value "0" -context "sdk\\\\bsp/1547471890480"
# webtalk_add_data -client sdk -key FlashCount -value "0" -context "sdk\\\\bsp/1547471890480"
# webtalk_add_data -client sdk -key CrossTriggCount -value "0" -context "sdk\\\\bsp/1547471890480"
# webtalk_add_data -client sdk -key QemuDebugCount -value "0" -context "sdk\\\\bsp/1547471890480"
# webtalk_transmit -clientid 1511148032 -regid "174116392_174116393_210659485_826" -xml /home/matt/Git/dma_issue_demonstrator/te0808_project/te0808_project.sdk/webtalk/usage_statistics_ext_sdk.xml -html /home/matt/Git/dma_issue_demonstrator/te0808_project/te0808_project.sdk/webtalk/usage_statistics_ext_sdk.html -wdm /home/matt/Git/dma_issue_demonstrator/te0808_project/te0808_project.sdk/webtalk/sdk_webtalk.wdm -intro "<H3>SDK Usage Report</H3><BR>"
# webtalk_terminate
INFO: [Common 17-206] Exiting Webtalk at Mon Jan 14 14:18:12 2019...
