
*** Running vivado
    with args -log zusys_wrapper.vds -m64 -product Vivado -mode batch -messageDb vivado.pb -notrace -source zusys_wrapper.tcl


****** Vivado v2017.4 (64-bit)
  **** SW Build 2086221 on Fri Dec 15 20:54:30 MST 2017
  **** IP Build 2085800 on Fri Dec 15 22:25:07 MST 2017
    ** Copyright 1986-2017 Xilinx, Inc. All Rights Reserved.

Sourcing tcl script '/opt/Xilinx/Vivado/2017.4/scripts/Vivado_init.tcl'
1 Beta devices matching pattern found, 1 enabled.
Set Board Part RepoPath: /home/matt/Git/te0808/board_files
source zusys_wrapper.tcl -notrace
INFO: [IP_Flow 19-234] Refreshing IP repositories
INFO: [IP_Flow 19-1700] Loaded user IP repository '/home/matt/Git/dma_issue_demonstrator/dma_killer_project'.
INFO: [IP_Flow 19-2313] Loaded Vivado IP repository '/opt/Xilinx/Vivado/2017.4/data/ip'.
add_files: Time (s): cpu = 00:00:16 ; elapsed = 00:00:25 . Memory (MB): peak = 1375.836 ; gain = 153.461 ; free physical = 132 ; free virtual = 17140
Command: synth_design -top zusys_wrapper -part xczu9eg-ffvc900-1-i-es1
Starting synth_design
Attempting to get a license for feature 'Synthesis' and/or device 'xczu9eg-es1'
INFO: [Common 17-349] Got license for feature 'Synthesis' and/or device 'xczu9eg-es1'
INFO: [Common 17-1540] The version limit for your license is '2018.06' and has expired for new software. A version limit expiration means that, although you may be able to continue to use the current version of tools or IP with this license, you will not be eligible for any updates or new releases.
INFO: Launching helper process for spawning children vivado processes
INFO: Helper process launched with PID 15371 
---------------------------------------------------------------------------------
Starting RTL Elaboration : Time (s): cpu = 00:00:08 ; elapsed = 00:00:09 . Memory (MB): peak = 1431.836 ; gain = 55.984 ; free physical = 142 ; free virtual = 17012
---------------------------------------------------------------------------------
INFO: [Synth 8-638] synthesizing module 'zusys_wrapper' [/home/matt/Git/dma_issue_demonstrator/te0808_project/te0808_project.srcs/sources_1/bd/zusys/hdl/zusys_wrapper.vhd:17]
INFO: [Synth 8-3491] module 'zusys' declared at '/home/matt/Git/dma_issue_demonstrator/te0808_project/te0808_project.srcs/sources_1/bd/zusys/synth/zusys.vhd:1846' bound to instance 'zusys_i' of component 'zusys' [/home/matt/Git/dma_issue_demonstrator/te0808_project/te0808_project.srcs/sources_1/bd/zusys/hdl/zusys_wrapper.vhd:21]
INFO: [Synth 8-638] synthesizing module 'zusys' [/home/matt/Git/dma_issue_demonstrator/te0808_project/te0808_project.srcs/sources_1/bd/zusys/synth/zusys.vhd:1853]
WARNING: [Synth 8-5640] Port 'axi_dma_tstvec' is missing in component declaration [/home/matt/Git/dma_issue_demonstrator/te0808_project/te0808_project.srcs/sources_1/bd/zusys/synth/zusys.vhd:1997]
INFO: [Synth 8-3491] module 'zusys_axi_dma_0_0' declared at '/home/matt/Git/dma_issue_demonstrator/te0808_project/te0808_project.runs/synth_1/.Xil/Vivado-15337-matt-HP-EliteBook-Folio-9470m/realtime/zusys_axi_dma_0_0_stub.vhdl:5' bound to instance 'axi_dma_0' of component 'zusys_axi_dma_0_0' [/home/matt/Git/dma_issue_demonstrator/te0808_project/te0808_project.srcs/sources_1/bd/zusys/synth/zusys.vhd:2616]
INFO: [Synth 8-638] synthesizing module 'zusys_axi_dma_0_0' [/home/matt/Git/dma_issue_demonstrator/te0808_project/te0808_project.runs/synth_1/.Xil/Vivado-15337-matt-HP-EliteBook-Folio-9470m/realtime/zusys_axi_dma_0_0_stub.vhdl:115]
INFO: [Synth 8-638] synthesizing module 'zusys_axi_interconnect_0_0' [/home/matt/Git/dma_issue_demonstrator/te0808_project/te0808_project.srcs/sources_1/bd/zusys/synth/zusys.vhd:1160]
INFO: [Synth 8-638] synthesizing module 's00_couplers_imp_1J57TXW' [/home/matt/Git/dma_issue_demonstrator/te0808_project/te0808_project.srcs/sources_1/bd/zusys/synth/zusys.vhd:742]
INFO: [Synth 8-3491] module 'zusys_auto_pc_0' declared at '/home/matt/Git/dma_issue_demonstrator/te0808_project/te0808_project.runs/synth_1/.Xil/Vivado-15337-matt-HP-EliteBook-Folio-9470m/realtime/zusys_auto_pc_0_stub.vhdl:5' bound to instance 'auto_pc' of component 'zusys_auto_pc_0' [/home/matt/Git/dma_issue_demonstrator/te0808_project/te0808_project.srcs/sources_1/bd/zusys/synth/zusys.vhd:921]
INFO: [Synth 8-638] synthesizing module 'zusys_auto_pc_0' [/home/matt/Git/dma_issue_demonstrator/te0808_project/te0808_project.runs/synth_1/.Xil/Vivado-15337-matt-HP-EliteBook-Folio-9470m/realtime/zusys_auto_pc_0_stub.vhdl:71]
INFO: [Synth 8-256] done synthesizing module 's00_couplers_imp_1J57TXW' (1#1) [/home/matt/Git/dma_issue_demonstrator/te0808_project/te0808_project.srcs/sources_1/bd/zusys/synth/zusys.vhd:742]
INFO: [Synth 8-256] done synthesizing module 'zusys_axi_interconnect_0_0' (2#1) [/home/matt/Git/dma_issue_demonstrator/te0808_project/te0808_project.srcs/sources_1/bd/zusys/synth/zusys.vhd:1160]
INFO: [Synth 8-638] synthesizing module 'zusys_axis_interconnect_0_1' [/home/matt/Git/dma_issue_demonstrator/te0808_project/te0808_project.srcs/sources_1/bd/zusys/synth/zusys.vhd:1634]
INFO: [Synth 8-638] synthesizing module 'm00_couplers_imp_1G8M9P0' [/home/matt/Git/dma_issue_demonstrator/te0808_project/te0808_project.srcs/sources_1/bd/zusys/synth/zusys.vhd:38]
INFO: [Synth 8-3491] module 'zusys_auto_ss_k_1' declared at '/home/matt/Git/dma_issue_demonstrator/te0808_project/te0808_project.runs/synth_1/.Xil/Vivado-15337-matt-HP-EliteBook-Folio-9470m/realtime/zusys_auto_ss_k_1_stub.vhdl:5' bound to instance 'auto_ss_k' of component 'zusys_auto_ss_k_1' [/home/matt/Git/dma_issue_demonstrator/te0808_project/te0808_project.srcs/sources_1/bd/zusys/synth/zusys.vhd:154]
INFO: [Synth 8-638] synthesizing module 'zusys_auto_ss_k_1' [/home/matt/Git/dma_issue_demonstrator/te0808_project/te0808_project.runs/synth_1/.Xil/Vivado-15337-matt-HP-EliteBook-Folio-9470m/realtime/zusys_auto_ss_k_1_stub.vhdl:29]
INFO: [Synth 8-3491] module 'zusys_auto_ss_slidr_1' declared at '/home/matt/Git/dma_issue_demonstrator/te0808_project/te0808_project.runs/synth_1/.Xil/Vivado-15337-matt-HP-EliteBook-Folio-9470m/realtime/zusys_auto_ss_slidr_1_stub.vhdl:5' bound to instance 'auto_ss_slidr' of component 'zusys_auto_ss_slidr_1' [/home/matt/Git/dma_issue_demonstrator/te0808_project/te0808_project.srcs/sources_1/bd/zusys/synth/zusys.vhd:175]
INFO: [Synth 8-638] synthesizing module 'zusys_auto_ss_slidr_1' [/home/matt/Git/dma_issue_demonstrator/te0808_project/te0808_project.runs/synth_1/.Xil/Vivado-15337-matt-HP-EliteBook-Folio-9470m/realtime/zusys_auto_ss_slidr_1_stub.vhdl:28]
INFO: [Synth 8-3491] module 'zusys_auto_ss_u_1' declared at '/home/matt/Git/dma_issue_demonstrator/te0808_project/te0808_project.runs/synth_1/.Xil/Vivado-15337-matt-HP-EliteBook-Folio-9470m/realtime/zusys_auto_ss_u_1_stub.vhdl:5' bound to instance 'auto_ss_u' of component 'zusys_auto_ss_u_1' [/home/matt/Git/dma_issue_demonstrator/te0808_project/te0808_project.srcs/sources_1/bd/zusys/synth/zusys.vhd:195]
INFO: [Synth 8-638] synthesizing module 'zusys_auto_ss_u_1' [/home/matt/Git/dma_issue_demonstrator/te0808_project/te0808_project.runs/synth_1/.Xil/Vivado-15337-matt-HP-EliteBook-Folio-9470m/realtime/zusys_auto_ss_u_1_stub.vhdl:28]
INFO: [Synth 8-256] done synthesizing module 'm00_couplers_imp_1G8M9P0' (3#1) [/home/matt/Git/dma_issue_demonstrator/te0808_project/te0808_project.srcs/sources_1/bd/zusys/synth/zusys.vhd:38]
INFO: [Synth 8-638] synthesizing module 'm01_couplers_imp_1LCQD8' [/home/matt/Git/dma_issue_demonstrator/te0808_project/te0808_project.srcs/sources_1/bd/zusys/synth/zusys.vhd:447]
INFO: [Synth 8-3491] module 'zusys_auto_ss_k_2' declared at '/home/matt/Git/dma_issue_demonstrator/te0808_project/te0808_project.runs/synth_1/.Xil/Vivado-15337-matt-HP-EliteBook-Folio-9470m/realtime/zusys_auto_ss_k_2_stub.vhdl:5' bound to instance 'auto_ss_k' of component 'zusys_auto_ss_k_2' [/home/matt/Git/dma_issue_demonstrator/te0808_project/te0808_project.srcs/sources_1/bd/zusys/synth/zusys.vhd:563]
INFO: [Synth 8-638] synthesizing module 'zusys_auto_ss_k_2' [/home/matt/Git/dma_issue_demonstrator/te0808_project/te0808_project.runs/synth_1/.Xil/Vivado-15337-matt-HP-EliteBook-Folio-9470m/realtime/zusys_auto_ss_k_2_stub.vhdl:29]
INFO: [Synth 8-3491] module 'zusys_auto_ss_slidr_2' declared at '/home/matt/Git/dma_issue_demonstrator/te0808_project/te0808_project.runs/synth_1/.Xil/Vivado-15337-matt-HP-EliteBook-Folio-9470m/realtime/zusys_auto_ss_slidr_2_stub.vhdl:5' bound to instance 'auto_ss_slidr' of component 'zusys_auto_ss_slidr_2' [/home/matt/Git/dma_issue_demonstrator/te0808_project/te0808_project.srcs/sources_1/bd/zusys/synth/zusys.vhd:584]
INFO: [Synth 8-638] synthesizing module 'zusys_auto_ss_slidr_2' [/home/matt/Git/dma_issue_demonstrator/te0808_project/te0808_project.runs/synth_1/.Xil/Vivado-15337-matt-HP-EliteBook-Folio-9470m/realtime/zusys_auto_ss_slidr_2_stub.vhdl:28]
INFO: [Synth 8-3491] module 'zusys_auto_ss_u_2' declared at '/home/matt/Git/dma_issue_demonstrator/te0808_project/te0808_project.runs/synth_1/.Xil/Vivado-15337-matt-HP-EliteBook-Folio-9470m/realtime/zusys_auto_ss_u_2_stub.vhdl:5' bound to instance 'auto_ss_u' of component 'zusys_auto_ss_u_2' [/home/matt/Git/dma_issue_demonstrator/te0808_project/te0808_project.srcs/sources_1/bd/zusys/synth/zusys.vhd:604]
INFO: [Synth 8-638] synthesizing module 'zusys_auto_ss_u_2' [/home/matt/Git/dma_issue_demonstrator/te0808_project/te0808_project.runs/synth_1/.Xil/Vivado-15337-matt-HP-EliteBook-Folio-9470m/realtime/zusys_auto_ss_u_2_stub.vhdl:28]
INFO: [Synth 8-256] done synthesizing module 'm01_couplers_imp_1LCQD8' (4#1) [/home/matt/Git/dma_issue_demonstrator/te0808_project/te0808_project.srcs/sources_1/bd/zusys/synth/zusys.vhd:447]
INFO: [Synth 8-638] synthesizing module 's00_couplers_imp_1SZD30F' [/home/matt/Git/dma_issue_demonstrator/te0808_project/te0808_project.srcs/sources_1/bd/zusys/synth/zusys.vhd:1014]
INFO: [Synth 8-256] done synthesizing module 's00_couplers_imp_1SZD30F' (5#1) [/home/matt/Git/dma_issue_demonstrator/te0808_project/te0808_project.srcs/sources_1/bd/zusys/synth/zusys.vhd:1014]
INFO: [Synth 8-3491] module 'zusys_xbar_0' declared at '/home/matt/Git/dma_issue_demonstrator/te0808_project/te0808_project.runs/synth_1/.Xil/Vivado-15337-matt-HP-EliteBook-Folio-9470m/realtime/zusys_xbar_0_stub.vhdl:5' bound to instance 'xbar' of component 'zusys_xbar_0' [/home/matt/Git/dma_issue_demonstrator/te0808_project/te0808_project.srcs/sources_1/bd/zusys/synth/zusys.vhd:1811]
INFO: [Synth 8-638] synthesizing module 'zusys_xbar_0' [/home/matt/Git/dma_issue_demonstrator/te0808_project/te0808_project.runs/synth_1/.Xil/Vivado-15337-matt-HP-EliteBook-Folio-9470m/realtime/zusys_xbar_0_stub.vhdl:30]
INFO: [Synth 8-256] done synthesizing module 'zusys_axis_interconnect_0_1' (6#1) [/home/matt/Git/dma_issue_demonstrator/te0808_project/te0808_project.srcs/sources_1/bd/zusys/synth/zusys.vhd:1634]
INFO: [Synth 8-638] synthesizing module 'zusys_axis_interconnect_0_0' [/home/matt/Git/dma_issue_demonstrator/te0808_project/te0808_project.srcs/sources_1/bd/zusys/synth/zusys.vhd:1378]
INFO: [Synth 8-638] synthesizing module 'm00_couplers_imp_1VVZZ8P' [/home/matt/Git/dma_issue_demonstrator/te0808_project/te0808_project.srcs/sources_1/bd/zusys/synth/zusys.vhd:244]
INFO: [Synth 8-3491] module 'zusys_auto_ss_k_0' declared at '/home/matt/Git/dma_issue_demonstrator/te0808_project/te0808_project.runs/synth_1/.Xil/Vivado-15337-matt-HP-EliteBook-Folio-9470m/realtime/zusys_auto_ss_k_0_stub.vhdl:5' bound to instance 'auto_ss_k' of component 'zusys_auto_ss_k_0' [/home/matt/Git/dma_issue_demonstrator/te0808_project/te0808_project.srcs/sources_1/bd/zusys/synth/zusys.vhd:358]
INFO: [Synth 8-638] synthesizing module 'zusys_auto_ss_k_0' [/home/matt/Git/dma_issue_demonstrator/te0808_project/te0808_project.runs/synth_1/.Xil/Vivado-15337-matt-HP-EliteBook-Folio-9470m/realtime/zusys_auto_ss_k_0_stub.vhdl:28]
INFO: [Synth 8-3491] module 'zusys_auto_ss_slidr_0' declared at '/home/matt/Git/dma_issue_demonstrator/te0808_project/te0808_project.runs/synth_1/.Xil/Vivado-15337-matt-HP-EliteBook-Folio-9470m/realtime/zusys_auto_ss_slidr_0_stub.vhdl:5' bound to instance 'auto_ss_slidr' of component 'zusys_auto_ss_slidr_0' [/home/matt/Git/dma_issue_demonstrator/te0808_project/te0808_project.srcs/sources_1/bd/zusys/synth/zusys.vhd:378]
INFO: [Synth 8-638] synthesizing module 'zusys_auto_ss_slidr_0' [/home/matt/Git/dma_issue_demonstrator/te0808_project/te0808_project.runs/synth_1/.Xil/Vivado-15337-matt-HP-EliteBook-Folio-9470m/realtime/zusys_auto_ss_slidr_0_stub.vhdl:28]
INFO: [Synth 8-3491] module 'zusys_auto_ss_u_0' declared at '/home/matt/Git/dma_issue_demonstrator/te0808_project/te0808_project.runs/synth_1/.Xil/Vivado-15337-matt-HP-EliteBook-Folio-9470m/realtime/zusys_auto_ss_u_0_stub.vhdl:5' bound to instance 'auto_ss_u' of component 'zusys_auto_ss_u_0' [/home/matt/Git/dma_issue_demonstrator/te0808_project/te0808_project.srcs/sources_1/bd/zusys/synth/zusys.vhd:398]
INFO: [Synth 8-638] synthesizing module 'zusys_auto_ss_u_0' [/home/matt/Git/dma_issue_demonstrator/te0808_project/te0808_project.runs/synth_1/.Xil/Vivado-15337-matt-HP-EliteBook-Folio-9470m/realtime/zusys_auto_ss_u_0_stub.vhdl:28]
INFO: [Synth 8-256] done synthesizing module 'm00_couplers_imp_1VVZZ8P' (7#1) [/home/matt/Git/dma_issue_demonstrator/te0808_project/te0808_project.srcs/sources_1/bd/zusys/synth/zusys.vhd:244]
INFO: [Synth 8-638] synthesizing module 's00_couplers_imp_196M7K2' [/home/matt/Git/dma_issue_demonstrator/te0808_project/te0808_project.srcs/sources_1/bd/zusys/synth/zusys.vhd:652]
INFO: [Synth 8-256] done synthesizing module 's00_couplers_imp_196M7K2' (8#1) [/home/matt/Git/dma_issue_demonstrator/te0808_project/te0808_project.srcs/sources_1/bd/zusys/synth/zusys.vhd:652]
INFO: [Synth 8-638] synthesizing module 's01_couplers_imp_7J36EI' [/home/matt/Git/dma_issue_demonstrator/te0808_project/te0808_project.srcs/sources_1/bd/zusys/synth/zusys.vhd:1068]
INFO: [Synth 8-256] done synthesizing module 's01_couplers_imp_7J36EI' (9#1) [/home/matt/Git/dma_issue_demonstrator/te0808_project/te0808_project.srcs/sources_1/bd/zusys/synth/zusys.vhd:1068]
INFO: [Synth 8-3491] module 'zusys_s_arb_req_suppress_concat_0' declared at '/home/matt/Git/dma_issue_demonstrator/te0808_project/te0808_project.runs/synth_1/.Xil/Vivado-15337-matt-HP-EliteBook-Folio-9470m/realtime/zusys_s_arb_req_suppress_concat_0_stub.vhdl:5' bound to instance 's_arb_req_suppress_concat' of component 'zusys_s_arb_req_suppress_concat_0' [/home/matt/Git/dma_issue_demonstrator/te0808_project/te0808_project.srcs/sources_1/bd/zusys/synth/zusys.vhd:1560]
INFO: [Synth 8-638] synthesizing module 'zusys_s_arb_req_suppress_concat_0' [/home/matt/Git/dma_issue_demonstrator/te0808_project/te0808_project.runs/synth_1/.Xil/Vivado-15337-matt-HP-EliteBook-Folio-9470m/realtime/zusys_s_arb_req_suppress_concat_0_stub.vhdl:14]
INFO: [Synth 8-3491] module 'zusys_xbar_1' declared at '/home/matt/Git/dma_issue_demonstrator/te0808_project/te0808_project.runs/synth_1/.Xil/Vivado-15337-matt-HP-EliteBook-Folio-9470m/realtime/zusys_xbar_1_stub.vhdl:5' bound to instance 'xbar' of component 'zusys_xbar_1' [/home/matt/Git/dma_issue_demonstrator/te0808_project/te0808_project.srcs/sources_1/bd/zusys/synth/zusys.vhd:1566]
INFO: [Synth 8-638] synthesizing module 'zusys_xbar_1' [/home/matt/Git/dma_issue_demonstrator/te0808_project/te0808_project.runs/synth_1/.Xil/Vivado-15337-matt-HP-EliteBook-Folio-9470m/realtime/zusys_xbar_1_stub.vhdl:29]
INFO: [Synth 8-256] done synthesizing module 'zusys_axis_interconnect_0_0' (10#1) [/home/matt/Git/dma_issue_demonstrator/te0808_project/te0808_project.srcs/sources_1/bd/zusys/synth/zusys.vhd:1378]
INFO: [Synth 8-3491] module 'zusys_top_0_0' declared at '/home/matt/Git/dma_issue_demonstrator/te0808_project/te0808_project.runs/synth_1/.Xil/Vivado-15337-matt-HP-EliteBook-Folio-9470m/realtime/zusys_top_0_0_stub.vhdl:5' bound to instance 'dma_killer_0' of component 'zusys_top_0_0' [/home/matt/Git/dma_issue_demonstrator/te0808_project/te0808_project.srcs/sources_1/bd/zusys/synth/zusys.vhd:2852]
INFO: [Synth 8-638] synthesizing module 'zusys_top_0_0' [/home/matt/Git/dma_issue_demonstrator/te0808_project/te0808_project.runs/synth_1/.Xil/Vivado-15337-matt-HP-EliteBook-Folio-9470m/realtime/zusys_top_0_0_stub.vhdl:29]
INFO: [Synth 8-3491] module 'zusys_dma_killer_0_0' declared at '/home/matt/Git/dma_issue_demonstrator/te0808_project/te0808_project.runs/synth_1/.Xil/Vivado-15337-matt-HP-EliteBook-Folio-9470m/realtime/zusys_dma_killer_0_0_stub.vhdl:5' bound to instance 'dma_killer_1' of component 'zusys_dma_killer_0_0' [/home/matt/Git/dma_issue_demonstrator/te0808_project/te0808_project.srcs/sources_1/bd/zusys/synth/zusys.vhd:2873]
INFO: [Synth 8-638] synthesizing module 'zusys_dma_killer_0_0' [/home/matt/Git/dma_issue_demonstrator/te0808_project/te0808_project.runs/synth_1/.Xil/Vivado-15337-matt-HP-EliteBook-Folio-9470m/realtime/zusys_dma_killer_0_0_stub.vhdl:29]
INFO: [Synth 8-3491] module 'zusys_ila_tx_0_0' declared at '/home/matt/Git/dma_issue_demonstrator/te0808_project/te0808_project.runs/synth_1/.Xil/Vivado-15337-matt-HP-EliteBook-Folio-9470m/realtime/zusys_ila_tx_0_0_stub.vhdl:5' bound to instance 'ila_rx_0' of component 'zusys_ila_tx_0_0' [/home/matt/Git/dma_issue_demonstrator/te0808_project/te0808_project.srcs/sources_1/bd/zusys/synth/zusys.vhd:2894]
INFO: [Synth 8-638] synthesizing module 'zusys_ila_tx_0_0' [/home/matt/Git/dma_issue_demonstrator/te0808_project/te0808_project.runs/synth_1/.Xil/Vivado-15337-matt-HP-EliteBook-Folio-9470m/realtime/zusys_ila_tx_0_0_stub.vhdl:25]
INFO: [Synth 8-3491] module 'zusys_ila_0_1' declared at '/home/matt/Git/dma_issue_demonstrator/te0808_project/te0808_project.runs/synth_1/.Xil/Vivado-15337-matt-HP-EliteBook-Folio-9470m/realtime/zusys_ila_0_1_stub.vhdl:5' bound to instance 'ila_sg' of component 'zusys_ila_0_1' [/home/matt/Git/dma_issue_demonstrator/te0808_project/te0808_project.srcs/sources_1/bd/zusys/synth/zusys.vhd:2911]
INFO: [Synth 8-638] synthesizing module 'zusys_ila_0_1' [/home/matt/Git/dma_issue_demonstrator/te0808_project/te0808_project.runs/synth_1/.Xil/Vivado-15337-matt-HP-EliteBook-Folio-9470m/realtime/zusys_ila_0_1_stub.vhdl:60]
INFO: [Synth 8-3491] module 'zusys_ila_0_0' declared at '/home/matt/Git/dma_issue_demonstrator/te0808_project/te0808_project.runs/synth_1/.Xil/Vivado-15337-matt-HP-EliteBook-Folio-9470m/realtime/zusys_ila_0_0_stub.vhdl:5' bound to instance 'ila_tx_0' of component 'zusys_ila_0_0' [/home/matt/Git/dma_issue_demonstrator/te0808_project/te0808_project.srcs/sources_1/bd/zusys/synth/zusys.vhd:2963]
INFO: [Synth 8-638] synthesizing module 'zusys_ila_0_0' [/home/matt/Git/dma_issue_demonstrator/te0808_project/te0808_project.runs/synth_1/.Xil/Vivado-15337-matt-HP-EliteBook-Folio-9470m/realtime/zusys_ila_0_0_stub.vhdl:25]
INFO: [Synth 8-3491] module 'zusys_proc_sys_reset_2_0' declared at '/home/matt/Git/dma_issue_demonstrator/te0808_project/te0808_project.runs/synth_1/.Xil/Vivado-15337-matt-HP-EliteBook-Folio-9470m/realtime/zusys_proc_sys_reset_2_0_stub.vhdl:5' bound to instance 'proc_sys_reset_2' of component 'zusys_proc_sys_reset_2_0' [/home/matt/Git/dma_issue_demonstrator/te0808_project/te0808_project.srcs/sources_1/bd/zusys/synth/zusys.vhd:2980]
INFO: [Synth 8-638] synthesizing module 'zusys_proc_sys_reset_2_0' [/home/matt/Git/dma_issue_demonstrator/te0808_project/te0808_project.runs/synth_1/.Xil/Vivado-15337-matt-HP-EliteBook-Folio-9470m/realtime/zusys_proc_sys_reset_2_0_stub.vhdl:21]
INFO: [Synth 8-3491] module 'zusys_smartconnect_0_0' declared at '/home/matt/Git/dma_issue_demonstrator/te0808_project/te0808_project.runs/synth_1/.Xil/Vivado-15337-matt-HP-EliteBook-Folio-9470m/realtime/zusys_smartconnect_0_0_stub.vhdl:5' bound to instance 'smartconnect_0' of component 'zusys_smartconnect_0_0' [/home/matt/Git/dma_issue_demonstrator/te0808_project/te0808_project.srcs/sources_1/bd/zusys/synth/zusys.vhd:2993]
INFO: [Synth 8-638] synthesizing module 'zusys_smartconnect_0_0' [/home/matt/Git/dma_issue_demonstrator/te0808_project/te0808_project.runs/synth_1/.Xil/Vivado-15337-matt-HP-EliteBook-Folio-9470m/realtime/zusys_smartconnect_0_0_stub.vhdl:118]
INFO: [Synth 8-3491] module 'zusys_xlconcat_0_0' declared at '/home/matt/Git/dma_issue_demonstrator/te0808_project/te0808_project.runs/synth_1/.Xil/Vivado-15337-matt-HP-EliteBook-Folio-9470m/realtime/zusys_xlconcat_0_0_stub.vhdl:5' bound to instance 'xlconcat_0' of component 'zusys_xlconcat_0_0' [/home/matt/Git/dma_issue_demonstrator/te0808_project/te0808_project.srcs/sources_1/bd/zusys/synth/zusys.vhd:3103]
INFO: [Synth 8-638] synthesizing module 'zusys_xlconcat_0_0' [/home/matt/Git/dma_issue_demonstrator/te0808_project/te0808_project.runs/synth_1/.Xil/Vivado-15337-matt-HP-EliteBook-Folio-9470m/realtime/zusys_xlconcat_0_0_stub.vhdl:14]
INFO: [Synth 8-3491] module 'zusys_zynq_ultra_ps_e_0_0' declared at '/home/matt/Git/dma_issue_demonstrator/te0808_project/te0808_project.runs/synth_1/.Xil/Vivado-15337-matt-HP-EliteBook-Folio-9470m/realtime/zusys_zynq_ultra_ps_e_0_0_stub.vhdl:5' bound to instance 'zynq_ultra_ps_e_0' of component 'zusys_zynq_ultra_ps_e_0_0' [/home/matt/Git/dma_issue_demonstrator/te0808_project/te0808_project.srcs/sources_1/bd/zusys/synth/zusys.vhd:3109]
INFO: [Synth 8-638] synthesizing module 'zusys_zynq_ultra_ps_e_0_0' [/home/matt/Git/dma_issue_demonstrator/te0808_project/te0808_project.runs/synth_1/.Xil/Vivado-15337-matt-HP-EliteBook-Folio-9470m/realtime/zusys_zynq_ultra_ps_e_0_0_stub.vhdl:136]
INFO: [Synth 8-6071] Mark debug on the nets applies keep_hierarchy on instance 'axis_interconnect_mm2s_0'. This will prevent further optimization [/home/matt/Git/dma_issue_demonstrator/te0808_project/te0808_project.srcs/sources_1/bd/zusys/synth/zusys.vhd:2784]
INFO: [Synth 8-6071] Mark debug on the nets applies keep_hierarchy on instance 'axis_interconnect_s2mm_0'. This will prevent further optimization [/home/matt/Git/dma_issue_demonstrator/te0808_project/te0808_project.srcs/sources_1/bd/zusys/synth/zusys.vhd:2817]
INFO: [Synth 8-256] done synthesizing module 'zusys' (11#1) [/home/matt/Git/dma_issue_demonstrator/te0808_project/te0808_project.srcs/sources_1/bd/zusys/synth/zusys.vhd:1853]
WARNING: [Synth 8-115] binding instance 'zusys_i' in module 'zusys_wrapper' to reference 'zusys' which has no pins
INFO: [Synth 8-256] done synthesizing module 'zusys_wrapper' (12#1) [/home/matt/Git/dma_issue_demonstrator/te0808_project/te0808_project.srcs/sources_1/bd/zusys/hdl/zusys_wrapper.vhd:17]
WARNING: [Synth 8-3331] design s01_couplers_imp_7J36EI has unconnected port M_AXIS_ACLK
WARNING: [Synth 8-3331] design s01_couplers_imp_7J36EI has unconnected port M_AXIS_ARESETN
WARNING: [Synth 8-3331] design s01_couplers_imp_7J36EI has unconnected port S_AXIS_ACLK
WARNING: [Synth 8-3331] design s01_couplers_imp_7J36EI has unconnected port S_AXIS_ARESETN
WARNING: [Synth 8-3331] design s00_couplers_imp_196M7K2 has unconnected port M_AXIS_ACLK
WARNING: [Synth 8-3331] design s00_couplers_imp_196M7K2 has unconnected port M_AXIS_ARESETN
WARNING: [Synth 8-3331] design s00_couplers_imp_196M7K2 has unconnected port S_AXIS_ACLK
WARNING: [Synth 8-3331] design s00_couplers_imp_196M7K2 has unconnected port S_AXIS_ARESETN
WARNING: [Synth 8-3331] design m00_couplers_imp_1VVZZ8P has unconnected port M_AXIS_ACLK
WARNING: [Synth 8-3331] design m00_couplers_imp_1VVZZ8P has unconnected port M_AXIS_ARESETN
WARNING: [Synth 8-3331] design s00_couplers_imp_1SZD30F has unconnected port M_AXIS_ACLK
WARNING: [Synth 8-3331] design s00_couplers_imp_1SZD30F has unconnected port M_AXIS_ARESETN
WARNING: [Synth 8-3331] design s00_couplers_imp_1SZD30F has unconnected port S_AXIS_ACLK
WARNING: [Synth 8-3331] design s00_couplers_imp_1SZD30F has unconnected port S_AXIS_ARESETN
WARNING: [Synth 8-3331] design m01_couplers_imp_1LCQD8 has unconnected port M_AXIS_ACLK
WARNING: [Synth 8-3331] design m01_couplers_imp_1LCQD8 has unconnected port M_AXIS_ARESETN
WARNING: [Synth 8-3331] design m00_couplers_imp_1G8M9P0 has unconnected port M_AXIS_ACLK
WARNING: [Synth 8-3331] design m00_couplers_imp_1G8M9P0 has unconnected port M_AXIS_ARESETN
WARNING: [Synth 8-3331] design s00_couplers_imp_1J57TXW has unconnected port M_ACLK
WARNING: [Synth 8-3331] design s00_couplers_imp_1J57TXW has unconnected port M_ARESETN
WARNING: [Synth 8-3331] design zusys_axi_interconnect_0_0 has unconnected port ACLK
WARNING: [Synth 8-3331] design zusys_axi_interconnect_0_0 has unconnected port ARESETN
---------------------------------------------------------------------------------
Finished RTL Elaboration : Time (s): cpu = 00:00:10 ; elapsed = 00:00:11 . Memory (MB): peak = 1476.367 ; gain = 100.516 ; free physical = 175 ; free virtual = 17024
---------------------------------------------------------------------------------

Report Check Netlist: 
+------+------------------+-------+---------+-------+------------------+
|      |Item              |Errors |Warnings |Status |Description       |
+------+------------------+-------+---------+-------+------------------+
|1     |multi_driven_nets |      0|        0|Passed |Multi driven nets |
+------+------------------+-------+---------+-------+------------------+
---------------------------------------------------------------------------------
Finished RTL Optimization Phase 1 : Time (s): cpu = 00:00:10 ; elapsed = 00:00:11 . Memory (MB): peak = 1476.367 ; gain = 100.516 ; free physical = 174 ; free virtual = 17023
---------------------------------------------------------------------------------
INFO: [Device 21-403] Loading part xczu9eg-ffvc900-1-i-es1
INFO: [Project 1-570] Preparing netlist for logic optimization

Processing XDC Constraints
Initializing timing engine
Parsing XDC File [/home/matt/Git/dma_issue_demonstrator/te0808_project/te0808_project.runs/synth_1/.Xil/Vivado-15337-matt-HP-EliteBook-Folio-9470m/dcp23/zusys_zynq_ultra_ps_e_0_0_in_context.xdc] for cell 'zusys_i/zynq_ultra_ps_e_0'
Finished Parsing XDC File [/home/matt/Git/dma_issue_demonstrator/te0808_project/te0808_project.runs/synth_1/.Xil/Vivado-15337-matt-HP-EliteBook-Folio-9470m/dcp23/zusys_zynq_ultra_ps_e_0_0_in_context.xdc] for cell 'zusys_i/zynq_ultra_ps_e_0'
Parsing XDC File [/home/matt/Git/dma_issue_demonstrator/te0808_project/te0808_project.runs/synth_1/.Xil/Vivado-15337-matt-HP-EliteBook-Folio-9470m/dcp24/zusys_proc_sys_reset_2_0_in_context.xdc] for cell 'zusys_i/proc_sys_reset_2'
Finished Parsing XDC File [/home/matt/Git/dma_issue_demonstrator/te0808_project/te0808_project.runs/synth_1/.Xil/Vivado-15337-matt-HP-EliteBook-Folio-9470m/dcp24/zusys_proc_sys_reset_2_0_in_context.xdc] for cell 'zusys_i/proc_sys_reset_2'
Parsing XDC File [/home/matt/Git/dma_issue_demonstrator/te0808_project/te0808_project.runs/synth_1/.Xil/Vivado-15337-matt-HP-EliteBook-Folio-9470m/dcp25/zusys_axi_dma_0_0_in_context.xdc] for cell 'zusys_i/axi_dma_0'
Finished Parsing XDC File [/home/matt/Git/dma_issue_demonstrator/te0808_project/te0808_project.runs/synth_1/.Xil/Vivado-15337-matt-HP-EliteBook-Folio-9470m/dcp25/zusys_axi_dma_0_0_in_context.xdc] for cell 'zusys_i/axi_dma_0'
Parsing XDC File [/home/matt/Git/dma_issue_demonstrator/te0808_project/te0808_project.runs/synth_1/.Xil/Vivado-15337-matt-HP-EliteBook-Folio-9470m/dcp26/zusys_smartconnect_0_0_in_context.xdc] for cell 'zusys_i/smartconnect_0'
Finished Parsing XDC File [/home/matt/Git/dma_issue_demonstrator/te0808_project/te0808_project.runs/synth_1/.Xil/Vivado-15337-matt-HP-EliteBook-Folio-9470m/dcp26/zusys_smartconnect_0_0_in_context.xdc] for cell 'zusys_i/smartconnect_0'
Parsing XDC File [/home/matt/Git/dma_issue_demonstrator/te0808_project/te0808_project.runs/synth_1/.Xil/Vivado-15337-matt-HP-EliteBook-Folio-9470m/dcp27/zusys_xlconcat_0_0_in_context.xdc] for cell 'zusys_i/xlconcat_0'
Finished Parsing XDC File [/home/matt/Git/dma_issue_demonstrator/te0808_project/te0808_project.runs/synth_1/.Xil/Vivado-15337-matt-HP-EliteBook-Folio-9470m/dcp27/zusys_xlconcat_0_0_in_context.xdc] for cell 'zusys_i/xlconcat_0'
Parsing XDC File [/home/matt/Git/dma_issue_demonstrator/te0808_project/te0808_project.runs/synth_1/.Xil/Vivado-15337-matt-HP-EliteBook-Folio-9470m/dcp28/zusys_top_0_0_in_context.xdc] for cell 'zusys_i/dma_killer_0'
Finished Parsing XDC File [/home/matt/Git/dma_issue_demonstrator/te0808_project/te0808_project.runs/synth_1/.Xil/Vivado-15337-matt-HP-EliteBook-Folio-9470m/dcp28/zusys_top_0_0_in_context.xdc] for cell 'zusys_i/dma_killer_0'
Parsing XDC File [/home/matt/Git/dma_issue_demonstrator/te0808_project/te0808_project.runs/synth_1/.Xil/Vivado-15337-matt-HP-EliteBook-Folio-9470m/dcp29/zusys_ila_0_0_in_context.xdc] for cell 'zusys_i/ila_tx_0'
Finished Parsing XDC File [/home/matt/Git/dma_issue_demonstrator/te0808_project/te0808_project.runs/synth_1/.Xil/Vivado-15337-matt-HP-EliteBook-Folio-9470m/dcp29/zusys_ila_0_0_in_context.xdc] for cell 'zusys_i/ila_tx_0'
Parsing XDC File [/home/matt/Git/dma_issue_demonstrator/te0808_project/te0808_project.runs/synth_1/.Xil/Vivado-15337-matt-HP-EliteBook-Folio-9470m/dcp30/zusys_ila_tx_0_0_in_context.xdc] for cell 'zusys_i/ila_rx_0'
Finished Parsing XDC File [/home/matt/Git/dma_issue_demonstrator/te0808_project/te0808_project.runs/synth_1/.Xil/Vivado-15337-matt-HP-EliteBook-Folio-9470m/dcp30/zusys_ila_tx_0_0_in_context.xdc] for cell 'zusys_i/ila_rx_0'
Parsing XDC File [/home/matt/Git/dma_issue_demonstrator/te0808_project/te0808_project.runs/synth_1/.Xil/Vivado-15337-matt-HP-EliteBook-Folio-9470m/dcp31/zusys_top_0_0_in_context.xdc] for cell 'zusys_i/dma_killer_1'
Finished Parsing XDC File [/home/matt/Git/dma_issue_demonstrator/te0808_project/te0808_project.runs/synth_1/.Xil/Vivado-15337-matt-HP-EliteBook-Folio-9470m/dcp31/zusys_top_0_0_in_context.xdc] for cell 'zusys_i/dma_killer_1'
Parsing XDC File [/home/matt/Git/dma_issue_demonstrator/te0808_project/te0808_project.runs/synth_1/.Xil/Vivado-15337-matt-HP-EliteBook-Folio-9470m/dcp32/zusys_xbar_0_in_context.xdc] for cell 'zusys_i/axis_interconnect_mm2s_0/xbar'
Finished Parsing XDC File [/home/matt/Git/dma_issue_demonstrator/te0808_project/te0808_project.runs/synth_1/.Xil/Vivado-15337-matt-HP-EliteBook-Folio-9470m/dcp32/zusys_xbar_0_in_context.xdc] for cell 'zusys_i/axis_interconnect_mm2s_0/xbar'
Parsing XDC File [/home/matt/Git/dma_issue_demonstrator/te0808_project/te0808_project.runs/synth_1/.Xil/Vivado-15337-matt-HP-EliteBook-Folio-9470m/dcp33/zusys_xbar_1_in_context.xdc] for cell 'zusys_i/axis_interconnect_s2mm_0/xbar'
Finished Parsing XDC File [/home/matt/Git/dma_issue_demonstrator/te0808_project/te0808_project.runs/synth_1/.Xil/Vivado-15337-matt-HP-EliteBook-Folio-9470m/dcp33/zusys_xbar_1_in_context.xdc] for cell 'zusys_i/axis_interconnect_s2mm_0/xbar'
Parsing XDC File [/home/matt/Git/dma_issue_demonstrator/te0808_project/te0808_project.runs/synth_1/.Xil/Vivado-15337-matt-HP-EliteBook-Folio-9470m/dcp34/zusys_ila_0_1_in_context.xdc] for cell 'zusys_i/ila_sg'
Finished Parsing XDC File [/home/matt/Git/dma_issue_demonstrator/te0808_project/te0808_project.runs/synth_1/.Xil/Vivado-15337-matt-HP-EliteBook-Folio-9470m/dcp34/zusys_ila_0_1_in_context.xdc] for cell 'zusys_i/ila_sg'
Parsing XDC File [/home/matt/Git/dma_issue_demonstrator/te0808_project/te0808_project.runs/synth_1/.Xil/Vivado-15337-matt-HP-EliteBook-Folio-9470m/dcp35/zusys_auto_ss_k_2_in_context.xdc] for cell 'zusys_i/axis_interconnect_mm2s_0/m01_couplers/auto_ss_k'
Finished Parsing XDC File [/home/matt/Git/dma_issue_demonstrator/te0808_project/te0808_project.runs/synth_1/.Xil/Vivado-15337-matt-HP-EliteBook-Folio-9470m/dcp35/zusys_auto_ss_k_2_in_context.xdc] for cell 'zusys_i/axis_interconnect_mm2s_0/m01_couplers/auto_ss_k'
Parsing XDC File [/home/matt/Git/dma_issue_demonstrator/te0808_project/te0808_project.runs/synth_1/.Xil/Vivado-15337-matt-HP-EliteBook-Folio-9470m/dcp36/zusys_auto_ss_slidr_2_in_context.xdc] for cell 'zusys_i/axis_interconnect_mm2s_0/m01_couplers/auto_ss_slidr'
Finished Parsing XDC File [/home/matt/Git/dma_issue_demonstrator/te0808_project/te0808_project.runs/synth_1/.Xil/Vivado-15337-matt-HP-EliteBook-Folio-9470m/dcp36/zusys_auto_ss_slidr_2_in_context.xdc] for cell 'zusys_i/axis_interconnect_mm2s_0/m01_couplers/auto_ss_slidr'
Parsing XDC File [/home/matt/Git/dma_issue_demonstrator/te0808_project/te0808_project.runs/synth_1/.Xil/Vivado-15337-matt-HP-EliteBook-Folio-9470m/dcp37/zusys_auto_ss_u_2_in_context.xdc] for cell 'zusys_i/axis_interconnect_mm2s_0/m01_couplers/auto_ss_u'
Finished Parsing XDC File [/home/matt/Git/dma_issue_demonstrator/te0808_project/te0808_project.runs/synth_1/.Xil/Vivado-15337-matt-HP-EliteBook-Folio-9470m/dcp37/zusys_auto_ss_u_2_in_context.xdc] for cell 'zusys_i/axis_interconnect_mm2s_0/m01_couplers/auto_ss_u'
Parsing XDC File [/home/matt/Git/dma_issue_demonstrator/te0808_project/te0808_project.runs/synth_1/.Xil/Vivado-15337-matt-HP-EliteBook-Folio-9470m/dcp38/zusys_auto_ss_k_1_in_context.xdc] for cell 'zusys_i/axis_interconnect_mm2s_0/m00_couplers/auto_ss_k'
Finished Parsing XDC File [/home/matt/Git/dma_issue_demonstrator/te0808_project/te0808_project.runs/synth_1/.Xil/Vivado-15337-matt-HP-EliteBook-Folio-9470m/dcp38/zusys_auto_ss_k_1_in_context.xdc] for cell 'zusys_i/axis_interconnect_mm2s_0/m00_couplers/auto_ss_k'
Parsing XDC File [/home/matt/Git/dma_issue_demonstrator/te0808_project/te0808_project.runs/synth_1/.Xil/Vivado-15337-matt-HP-EliteBook-Folio-9470m/dcp39/zusys_auto_ss_slidr_1_in_context.xdc] for cell 'zusys_i/axis_interconnect_mm2s_0/m00_couplers/auto_ss_slidr'
Finished Parsing XDC File [/home/matt/Git/dma_issue_demonstrator/te0808_project/te0808_project.runs/synth_1/.Xil/Vivado-15337-matt-HP-EliteBook-Folio-9470m/dcp39/zusys_auto_ss_slidr_1_in_context.xdc] for cell 'zusys_i/axis_interconnect_mm2s_0/m00_couplers/auto_ss_slidr'
Parsing XDC File [/home/matt/Git/dma_issue_demonstrator/te0808_project/te0808_project.runs/synth_1/.Xil/Vivado-15337-matt-HP-EliteBook-Folio-9470m/dcp40/zusys_auto_ss_u_1_in_context.xdc] for cell 'zusys_i/axis_interconnect_mm2s_0/m00_couplers/auto_ss_u'
Finished Parsing XDC File [/home/matt/Git/dma_issue_demonstrator/te0808_project/te0808_project.runs/synth_1/.Xil/Vivado-15337-matt-HP-EliteBook-Folio-9470m/dcp40/zusys_auto_ss_u_1_in_context.xdc] for cell 'zusys_i/axis_interconnect_mm2s_0/m00_couplers/auto_ss_u'
Parsing XDC File [/home/matt/Git/dma_issue_demonstrator/te0808_project/te0808_project.runs/synth_1/.Xil/Vivado-15337-matt-HP-EliteBook-Folio-9470m/dcp41/zusys_xlconcat_0_0_in_context.xdc] for cell 'zusys_i/axis_interconnect_s2mm_0/s_arb_req_suppress_concat'
Finished Parsing XDC File [/home/matt/Git/dma_issue_demonstrator/te0808_project/te0808_project.runs/synth_1/.Xil/Vivado-15337-matt-HP-EliteBook-Folio-9470m/dcp41/zusys_xlconcat_0_0_in_context.xdc] for cell 'zusys_i/axis_interconnect_s2mm_0/s_arb_req_suppress_concat'
Parsing XDC File [/home/matt/Git/dma_issue_demonstrator/te0808_project/te0808_project.runs/synth_1/.Xil/Vivado-15337-matt-HP-EliteBook-Folio-9470m/dcp42/zusys_auto_ss_k_0_in_context.xdc] for cell 'zusys_i/axis_interconnect_s2mm_0/m00_couplers/auto_ss_k'
Finished Parsing XDC File [/home/matt/Git/dma_issue_demonstrator/te0808_project/te0808_project.runs/synth_1/.Xil/Vivado-15337-matt-HP-EliteBook-Folio-9470m/dcp42/zusys_auto_ss_k_0_in_context.xdc] for cell 'zusys_i/axis_interconnect_s2mm_0/m00_couplers/auto_ss_k'
Parsing XDC File [/home/matt/Git/dma_issue_demonstrator/te0808_project/te0808_project.runs/synth_1/.Xil/Vivado-15337-matt-HP-EliteBook-Folio-9470m/dcp43/zusys_auto_ss_slidr_0_in_context.xdc] for cell 'zusys_i/axis_interconnect_s2mm_0/m00_couplers/auto_ss_slidr'
Finished Parsing XDC File [/home/matt/Git/dma_issue_demonstrator/te0808_project/te0808_project.runs/synth_1/.Xil/Vivado-15337-matt-HP-EliteBook-Folio-9470m/dcp43/zusys_auto_ss_slidr_0_in_context.xdc] for cell 'zusys_i/axis_interconnect_s2mm_0/m00_couplers/auto_ss_slidr'
Parsing XDC File [/home/matt/Git/dma_issue_demonstrator/te0808_project/te0808_project.runs/synth_1/.Xil/Vivado-15337-matt-HP-EliteBook-Folio-9470m/dcp44/zusys_auto_ss_u_0_in_context.xdc] for cell 'zusys_i/axis_interconnect_s2mm_0/m00_couplers/auto_ss_u'
Finished Parsing XDC File [/home/matt/Git/dma_issue_demonstrator/te0808_project/te0808_project.runs/synth_1/.Xil/Vivado-15337-matt-HP-EliteBook-Folio-9470m/dcp44/zusys_auto_ss_u_0_in_context.xdc] for cell 'zusys_i/axis_interconnect_s2mm_0/m00_couplers/auto_ss_u'
Parsing XDC File [/home/matt/Git/dma_issue_demonstrator/te0808_project/te0808_project.runs/synth_1/.Xil/Vivado-15337-matt-HP-EliteBook-Folio-9470m/dcp45/zusys_auto_pc_0_in_context.xdc] for cell 'zusys_i/axi_interconnect_0/s00_couplers/auto_pc'
Finished Parsing XDC File [/home/matt/Git/dma_issue_demonstrator/te0808_project/te0808_project.runs/synth_1/.Xil/Vivado-15337-matt-HP-EliteBook-Folio-9470m/dcp45/zusys_auto_pc_0_in_context.xdc] for cell 'zusys_i/axi_interconnect_0/s00_couplers/auto_pc'
Parsing XDC File [/home/matt/Git/dma_issue_demonstrator/te0808_project/te0808_project.srcs/constrs_1/imports/constraints/vivado_target.xdc]
Finished Parsing XDC File [/home/matt/Git/dma_issue_demonstrator/te0808_project/te0808_project.srcs/constrs_1/imports/constraints/vivado_target.xdc]
Parsing XDC File [/home/matt/Git/dma_issue_demonstrator/te0808_project/te0808_project.runs/synth_1/dont_touch.xdc]
Finished Parsing XDC File [/home/matt/Git/dma_issue_demonstrator/te0808_project/te0808_project.runs/synth_1/dont_touch.xdc]
Completed Processing XDC Constraints

INFO: [Project 1-111] Unisim Transformation Summary:
No Unisim elements were transformed.

Constraint Validation Runtime : Time (s): cpu = 00:00:00.01 ; elapsed = 00:00:00.02 . Memory (MB): peak = 2144.969 ; gain = 0.000 ; free physical = 122 ; free virtual = 16423
WARNING: [Timing 38-316] Clock period '100.000' specified during out-of-context synthesis of instance 'zusys_i/axis_interconnect_mm2s_0/xbar' at clock pin 'aclk' is different from the actual clock period '10.000', this can lead to different synthesis results.
WARNING: [Timing 38-316] Clock period '100.000' specified during out-of-context synthesis of instance 'zusys_i/axis_interconnect_s2mm_0/xbar' at clock pin 'aclk' is different from the actual clock period '10.000', this can lead to different synthesis results.
---------------------------------------------------------------------------------
Finished Constraint Validation : Time (s): cpu = 00:00:30 ; elapsed = 00:00:45 . Memory (MB): peak = 2145.969 ; gain = 770.117 ; free physical = 195 ; free virtual = 16481
---------------------------------------------------------------------------------
---------------------------------------------------------------------------------
Start Loading Part and Timing Information
---------------------------------------------------------------------------------
Loading part: xczu9eg-ffvc900-1-i-es1
---------------------------------------------------------------------------------
Finished Loading Part and Timing Information : Time (s): cpu = 00:00:30 ; elapsed = 00:00:45 . Memory (MB): peak = 2145.969 ; gain = 770.117 ; free physical = 195 ; free virtual = 16481
---------------------------------------------------------------------------------
---------------------------------------------------------------------------------
Start Applying 'set_property' XDC Constraints
---------------------------------------------------------------------------------
Applied set_property DONT_TOUCH = true for zusys_i. (constraint file  auto generated constraint, line ).
Applied set_property DONT_TOUCH = true for zusys_i/axi_dma_0. (constraint file  auto generated constraint, line ).
Applied set_property DONT_TOUCH = true for zusys_i/axi_interconnect_0. (constraint file  auto generated constraint, line ).
Applied set_property DONT_TOUCH = true for zusys_i/axi_interconnect_0/s00_couplers/auto_pc. (constraint file  auto generated constraint, line ).
Applied set_property DONT_TOUCH = true for zusys_i/axis_interconnect_mm2s_0. (constraint file  auto generated constraint, line ).
Applied set_property DONT_TOUCH = true for zusys_i/axis_interconnect_mm2s_0/m00_couplers/auto_ss_k. (constraint file  auto generated constraint, line ).
Applied set_property DONT_TOUCH = true for zusys_i/axis_interconnect_mm2s_0/m00_couplers/auto_ss_slidr. (constraint file  auto generated constraint, line ).
Applied set_property DONT_TOUCH = true for zusys_i/axis_interconnect_mm2s_0/m00_couplers/auto_ss_u. (constraint file  auto generated constraint, line ).
Applied set_property DONT_TOUCH = true for zusys_i/axis_interconnect_mm2s_0/m01_couplers/auto_ss_k. (constraint file  auto generated constraint, line ).
Applied set_property DONT_TOUCH = true for zusys_i/axis_interconnect_mm2s_0/m01_couplers/auto_ss_slidr. (constraint file  auto generated constraint, line ).
Applied set_property DONT_TOUCH = true for zusys_i/axis_interconnect_mm2s_0/m01_couplers/auto_ss_u. (constraint file  auto generated constraint, line ).
Applied set_property DONT_TOUCH = true for zusys_i/axis_interconnect_mm2s_0/xbar. (constraint file  auto generated constraint, line ).
Applied set_property DONT_TOUCH = true for zusys_i/axis_interconnect_s2mm_0. (constraint file  auto generated constraint, line ).
Applied set_property DONT_TOUCH = true for zusys_i/axis_interconnect_s2mm_0/m00_couplers/auto_ss_k. (constraint file  auto generated constraint, line ).
Applied set_property DONT_TOUCH = true for zusys_i/axis_interconnect_s2mm_0/m00_couplers/auto_ss_slidr. (constraint file  auto generated constraint, line ).
Applied set_property DONT_TOUCH = true for zusys_i/axis_interconnect_s2mm_0/m00_couplers/auto_ss_u. (constraint file  auto generated constraint, line ).
Applied set_property DONT_TOUCH = true for zusys_i/axis_interconnect_s2mm_0/s_arb_req_suppress_concat. (constraint file  auto generated constraint, line ).
Applied set_property DONT_TOUCH = true for zusys_i/axis_interconnect_s2mm_0/xbar. (constraint file  auto generated constraint, line ).
Applied set_property DONT_TOUCH = true for zusys_i/dma_killer_0. (constraint file  auto generated constraint, line ).
Applied set_property DONT_TOUCH = true for zusys_i/dma_killer_1. (constraint file  auto generated constraint, line ).
Applied set_property DONT_TOUCH = true for zusys_i/ila_rx_0. (constraint file  auto generated constraint, line ).
Applied set_property DONT_TOUCH = true for zusys_i/ila_sg. (constraint file  auto generated constraint, line ).
Applied set_property DONT_TOUCH = true for zusys_i/ila_tx_0. (constraint file  auto generated constraint, line ).
Applied set_property DONT_TOUCH = true for zusys_i/proc_sys_reset_2. (constraint file  auto generated constraint, line ).
Applied set_property DONT_TOUCH = true for zusys_i/smartconnect_0. (constraint file  auto generated constraint, line ).
Applied set_property DONT_TOUCH = true for zusys_i/xlconcat_0. (constraint file  auto generated constraint, line ).
Applied set_property DONT_TOUCH = true for zusys_i/zynq_ultra_ps_e_0. (constraint file  auto generated constraint, line ).
---------------------------------------------------------------------------------
Finished applying 'set_property' XDC Constraints : Time (s): cpu = 00:00:31 ; elapsed = 00:00:45 . Memory (MB): peak = 2145.969 ; gain = 770.117 ; free physical = 197 ; free virtual = 16483
---------------------------------------------------------------------------------
WARNING: [Synth 8-115] binding instance 'zusys_i' in module 'zusys_wrapper' to reference 'zusys' which has no pins
---------------------------------------------------------------------------------
Finished RTL Optimization Phase 2 : Time (s): cpu = 00:00:31 ; elapsed = 00:00:45 . Memory (MB): peak = 2145.969 ; gain = 770.117 ; free physical = 198 ; free virtual = 16485
---------------------------------------------------------------------------------

Report RTL Partitions: 
+-+--------------+------------+----------+
| |RTL Partition |Replication |Instances |
+-+--------------+------------+----------+
+-+--------------+------------+----------+
---------------------------------------------------------------------------------
Start RTL Component Statistics 
---------------------------------------------------------------------------------
Detailed RTL Component Info : 
---------------------------------------------------------------------------------
Finished RTL Component Statistics 
---------------------------------------------------------------------------------
---------------------------------------------------------------------------------
Start RTL Hierarchical Component Statistics 
---------------------------------------------------------------------------------
Hierarchical RTL Component report 
---------------------------------------------------------------------------------
Finished RTL Hierarchical Component Statistics
---------------------------------------------------------------------------------
---------------------------------------------------------------------------------
Start Part Resource Summary
---------------------------------------------------------------------------------
Part Resources:
DSPs: 2520 (col length:168)
BRAMs: 1824 (col length: RAMB18 168 RAMB36 84)
---------------------------------------------------------------------------------
Finished Part Resource Summary
---------------------------------------------------------------------------------
---------------------------------------------------------------------------------
Start Cross Boundary and Area Optimization
---------------------------------------------------------------------------------
WARNING: [Synth 8-3331] design zusys_axis_interconnect_0_0 has unconnected port M00_AXIS_ACLK
WARNING: [Synth 8-3331] design zusys_axis_interconnect_0_0 has unconnected port M00_AXIS_ARESETN
WARNING: [Synth 8-3331] design zusys_axis_interconnect_0_0 has unconnected port S00_AXIS_ACLK
WARNING: [Synth 8-3331] design zusys_axis_interconnect_0_0 has unconnected port S00_AXIS_ARESETN
WARNING: [Synth 8-3331] design zusys_axis_interconnect_0_0 has unconnected port S01_AXIS_ACLK
WARNING: [Synth 8-3331] design zusys_axis_interconnect_0_0 has unconnected port S01_AXIS_ARESETN
WARNING: [Synth 8-3331] design zusys_axis_interconnect_0_1 has unconnected port M00_AXIS_ACLK
WARNING: [Synth 8-3331] design zusys_axis_interconnect_0_1 has unconnected port M00_AXIS_ARESETN
WARNING: [Synth 8-3331] design zusys_axis_interconnect_0_1 has unconnected port M01_AXIS_ACLK
WARNING: [Synth 8-3331] design zusys_axis_interconnect_0_1 has unconnected port M01_AXIS_ARESETN
WARNING: [Synth 8-3331] design zusys_axis_interconnect_0_1 has unconnected port S00_AXIS_ACLK
WARNING: [Synth 8-3331] design zusys_axis_interconnect_0_1 has unconnected port S00_AXIS_ARESETN
WARNING: [Synth 8-3331] design zusys_axi_interconnect_0_0 has unconnected port ACLK
WARNING: [Synth 8-3331] design zusys_axi_interconnect_0_0 has unconnected port ARESETN
WARNING: [Synth 8-3331] design zusys_axi_interconnect_0_0 has unconnected port M00_ACLK
WARNING: [Synth 8-3331] design zusys_axi_interconnect_0_0 has unconnected port M00_ARESETN
---------------------------------------------------------------------------------
Finished Cross Boundary and Area Optimization : Time (s): cpu = 00:00:31 ; elapsed = 00:00:46 . Memory (MB): peak = 2145.969 ; gain = 770.117 ; free physical = 193 ; free virtual = 16482
---------------------------------------------------------------------------------

Report RTL Partitions: 
+-+--------------+------------+----------+
| |RTL Partition |Replication |Instances |
+-+--------------+------------+----------+
+-+--------------+------------+----------+
---------------------------------------------------------------------------------
Start Applying XDC Timing Constraints
---------------------------------------------------------------------------------
INFO: [Synth 8-5578] Moved timing constraint from pin 'zusys_i/zynq_ultra_ps_e_0/pl_clk0' to pin 'zusys_i/zynq_ultra_ps_e_0/bbstub_pl_clk0/O'
INFO: [Synth 8-5578] Moved timing constraint from pin 'zusys_i/zynq_ultra_ps_e_0/pl_clk1' to pin 'zusys_i/zynq_ultra_ps_e_0/bbstub_pl_clk1/O'
INFO: [Synth 8-5578] Moved timing constraint from pin 'zusys_i/zynq_ultra_ps_e_0/pl_clk2' to pin 'zusys_i/zynq_ultra_ps_e_0/bbstub_pl_clk2/O'
INFO: [Synth 8-5819] Moved 3 constraints on hierarchical pins to their respective driving/loading pins
---------------------------------------------------------------------------------
Finished Applying XDC Timing Constraints : Time (s): cpu = 00:00:49 ; elapsed = 00:01:27 . Memory (MB): peak = 2573.398 ; gain = 1197.547 ; free physical = 214 ; free virtual = 15374
---------------------------------------------------------------------------------
---------------------------------------------------------------------------------
Start Timing Optimization
---------------------------------------------------------------------------------
---------------------------------------------------------------------------------
Finished Timing Optimization : Time (s): cpu = 00:00:49 ; elapsed = 00:01:27 . Memory (MB): peak = 2573.398 ; gain = 1197.547 ; free physical = 211 ; free virtual = 15373
---------------------------------------------------------------------------------

Report RTL Partitions: 
+-+--------------+------------+----------+
| |RTL Partition |Replication |Instances |
+-+--------------+------------+----------+
+-+--------------+------------+----------+
---------------------------------------------------------------------------------
Start Technology Mapping
---------------------------------------------------------------------------------
---------------------------------------------------------------------------------
Finished Technology Mapping : Time (s): cpu = 00:00:49 ; elapsed = 00:01:27 . Memory (MB): peak = 2585.422 ; gain = 1209.570 ; free physical = 206 ; free virtual = 15371
---------------------------------------------------------------------------------

Report RTL Partitions: 
+-+--------------+------------+----------+
| |RTL Partition |Replication |Instances |
+-+--------------+------------+----------+
+-+--------------+------------+----------+
---------------------------------------------------------------------------------
Start IO Insertion
---------------------------------------------------------------------------------
---------------------------------------------------------------------------------
Start Flattening Before IO Insertion
---------------------------------------------------------------------------------
---------------------------------------------------------------------------------
Finished Flattening Before IO Insertion
---------------------------------------------------------------------------------
---------------------------------------------------------------------------------
Start Final Netlist Cleanup
---------------------------------------------------------------------------------
---------------------------------------------------------------------------------
Finished Final Netlist Cleanup
---------------------------------------------------------------------------------
WARNING: [Synth 8-3295] tying undriven pin axi_dma_0_M_AXI_SG_ARLOCK_inferred:in0 to constant 0
WARNING: [Synth 8-3295] tying undriven pin axi_dma_0_M_AXI_SG_AWLOCK_inferred:in0 to constant 0
WARNING: [Synth 8-3295] tying undriven pin axi_dma_0_M_AXI_SG_ARQOS_inferred:in0[3] to constant 0
WARNING: [Synth 8-3295] tying undriven pin axi_dma_0_M_AXI_SG_ARQOS_inferred:in0[2] to constant 0
WARNING: [Synth 8-3295] tying undriven pin axi_dma_0_M_AXI_SG_ARQOS_inferred:in0[1] to constant 0
WARNING: [Synth 8-3295] tying undriven pin axi_dma_0_M_AXI_SG_ARQOS_inferred:in0[0] to constant 0
WARNING: [Synth 8-3295] tying undriven pin axi_dma_0_M_AXI_SG_AWQOS_inferred:in0[3] to constant 0
WARNING: [Synth 8-3295] tying undriven pin axi_dma_0_M_AXI_SG_AWQOS_inferred:in0[2] to constant 0
WARNING: [Synth 8-3295] tying undriven pin axi_dma_0_M_AXI_SG_AWQOS_inferred:in0[1] to constant 0
WARNING: [Synth 8-3295] tying undriven pin axi_dma_0_M_AXI_SG_AWQOS_inferred:in0[0] to constant 0
---------------------------------------------------------------------------------
Finished IO Insertion : Time (s): cpu = 00:00:49 ; elapsed = 00:01:28 . Memory (MB): peak = 2585.422 ; gain = 1209.570 ; free physical = 204 ; free virtual = 15372
---------------------------------------------------------------------------------

Report Check Netlist: 
+------+------------------+-------+---------+-------+------------------+
|      |Item              |Errors |Warnings |Status |Description       |
+------+------------------+-------+---------+-------+------------------+
|1     |multi_driven_nets |      0|        0|Passed |Multi driven nets |
+------+------------------+-------+---------+-------+------------------+
---------------------------------------------------------------------------------
Start Renaming Generated Instances
---------------------------------------------------------------------------------
---------------------------------------------------------------------------------
Finished Renaming Generated Instances : Time (s): cpu = 00:00:49 ; elapsed = 00:01:28 . Memory (MB): peak = 2585.422 ; gain = 1209.570 ; free physical = 204 ; free virtual = 15372
---------------------------------------------------------------------------------

Report RTL Partitions: 
+-+--------------+------------+----------+
| |RTL Partition |Replication |Instances |
+-+--------------+------------+----------+
+-+--------------+------------+----------+
---------------------------------------------------------------------------------
Start Rebuilding User Hierarchy
---------------------------------------------------------------------------------
---------------------------------------------------------------------------------
Finished Rebuilding User Hierarchy : Time (s): cpu = 00:00:49 ; elapsed = 00:01:28 . Memory (MB): peak = 2585.422 ; gain = 1209.570 ; free physical = 203 ; free virtual = 15371
---------------------------------------------------------------------------------
---------------------------------------------------------------------------------
Start Renaming Generated Ports
---------------------------------------------------------------------------------
---------------------------------------------------------------------------------
Finished Renaming Generated Ports : Time (s): cpu = 00:00:49 ; elapsed = 00:01:28 . Memory (MB): peak = 2585.422 ; gain = 1209.570 ; free physical = 203 ; free virtual = 15371
---------------------------------------------------------------------------------
---------------------------------------------------------------------------------
Start Handling Custom Attributes
---------------------------------------------------------------------------------
---------------------------------------------------------------------------------
Finished Handling Custom Attributes : Time (s): cpu = 00:00:49 ; elapsed = 00:01:28 . Memory (MB): peak = 2585.422 ; gain = 1209.570 ; free physical = 201 ; free virtual = 15372
---------------------------------------------------------------------------------
---------------------------------------------------------------------------------
Start Renaming Generated Nets
---------------------------------------------------------------------------------
---------------------------------------------------------------------------------
Finished Renaming Generated Nets : Time (s): cpu = 00:00:49 ; elapsed = 00:01:28 . Memory (MB): peak = 2585.422 ; gain = 1209.570 ; free physical = 201 ; free virtual = 15372
---------------------------------------------------------------------------------
---------------------------------------------------------------------------------
Start Writing Synthesis Report
---------------------------------------------------------------------------------

Report BlackBoxes: 
+------+----------------------------------+----------+
|      |BlackBox name                     |Instances |
+------+----------------------------------+----------+
|1     |zusys_auto_pc_0                   |         1|
|2     |zusys_xbar_0                      |         1|
|3     |zusys_auto_ss_k_1                 |         1|
|4     |zusys_auto_ss_slidr_1             |         1|
|5     |zusys_auto_ss_u_1                 |         1|
|6     |zusys_auto_ss_k_2                 |         1|
|7     |zusys_auto_ss_slidr_2             |         1|
|8     |zusys_auto_ss_u_2                 |         1|
|9     |zusys_s_arb_req_suppress_concat_0 |         1|
|10    |zusys_xbar_1                      |         1|
|11    |zusys_auto_ss_k_0                 |         1|
|12    |zusys_auto_ss_slidr_0             |         1|
|13    |zusys_auto_ss_u_0                 |         1|
|14    |zusys_axi_dma_0_0                 |         1|
|15    |zusys_top_0_0                     |         1|
|16    |zusys_dma_killer_0_0              |         1|
|17    |zusys_ila_tx_0_0                  |         1|
|18    |zusys_ila_0_1                     |         1|
|19    |zusys_ila_0_0                     |         1|
|20    |zusys_proc_sys_reset_2_0          |         1|
|21    |zusys_smartconnect_0_0            |         1|
|22    |zusys_xlconcat_0_0                |         1|
|23    |zusys_zynq_ultra_ps_e_0_0         |         1|
+------+----------------------------------+----------+

Report Cell Usage: 
+------+------------------------------------------+------+
|      |Cell                                      |Count |
+------+------------------------------------------+------+
|1     |zusys_auto_pc_0_bbox_1                    |     1|
|2     |zusys_auto_ss_k_0_bbox_9                  |     1|
|3     |zusys_auto_ss_k_1_bbox_2                  |     1|
|4     |zusys_auto_ss_k_2_bbox_5                  |     1|
|5     |zusys_auto_ss_slidr_0_bbox_10             |     1|
|6     |zusys_auto_ss_slidr_1_bbox_3              |     1|
|7     |zusys_auto_ss_slidr_2_bbox_6              |     1|
|8     |zusys_auto_ss_u_0_bbox_11                 |     1|
|9     |zusys_auto_ss_u_1_bbox_4                  |     1|
|10    |zusys_auto_ss_u_2_bbox_7                  |     1|
|11    |zusys_axi_dma_0_0_bbox_0                  |     1|
|12    |zusys_dma_killer_0_0_bbox_15              |     1|
|13    |zusys_ila_0_0_bbox_18                     |     1|
|14    |zusys_ila_0_1_bbox_17                     |     1|
|15    |zusys_ila_tx_0_0_bbox_16                  |     1|
|16    |zusys_proc_sys_reset_2_0_bbox_19          |     1|
|17    |zusys_s_arb_req_suppress_concat_0_bbox_12 |     1|
|18    |zusys_smartconnect_0_0_bbox_20            |     1|
|19    |zusys_top_0_0_bbox_14                     |     1|
|20    |zusys_xbar_0_bbox_8                       |     1|
|21    |zusys_xbar_1_bbox_13                      |     1|
|22    |zusys_xlconcat_0_0_bbox_21                |     1|
|23    |zusys_zynq_ultra_ps_e_0_0_bbox_22         |     1|
|24    |LUT1                                      |    35|
+------+------------------------------------------+------+

Report Instance Areas: 
+------+-----------------------------+----------------------------+------+
|      |Instance                     |Module                      |Cells |
+------+-----------------------------+----------------------------+------+
|1     |top                          |                            |  2216|
|2     |  zusys_i                    |zusys                       |  2216|
|3     |    axi_interconnect_0       |zusys_axi_interconnect_0_0  |   201|
|4     |      s00_couplers           |s00_couplers_imp_1J57TXW    |   201|
|5     |    axis_interconnect_mm2s_0 |zusys_axis_interconnect_0_1 |   410|
|6     |      m00_couplers           |m00_couplers_imp_1G8M9P0    |   152|
|7     |      m01_couplers           |m01_couplers_imp_1LCQD8     |   152|
|8     |    axis_interconnect_s2mm_0 |zusys_axis_interconnect_0_0 |   209|
|9     |      m00_couplers           |m00_couplers_imp_1VVZZ8P    |   155|
+------+-----------------------------+----------------------------+------+
---------------------------------------------------------------------------------
Finished Writing Synthesis Report : Time (s): cpu = 00:00:49 ; elapsed = 00:01:28 . Memory (MB): peak = 2585.422 ; gain = 1209.570 ; free physical = 201 ; free virtual = 15372
---------------------------------------------------------------------------------
Synthesis finished with 0 errors, 0 critical warnings and 27 warnings.
Synthesis Optimization Runtime : Time (s): cpu = 00:00:37 ; elapsed = 00:01:03 . Memory (MB): peak = 2585.422 ; gain = 539.969 ; free physical = 235 ; free virtual = 15407
Synthesis Optimization Complete : Time (s): cpu = 00:00:50 ; elapsed = 00:01:28 . Memory (MB): peak = 2585.430 ; gain = 1209.570 ; free physical = 232 ; free virtual = 15407
INFO: [Project 1-571] Translating synthesized netlist
INFO: [Project 1-570] Preparing netlist for logic optimization
INFO: [Opt 31-138] Pushed 0 inverter(s) to 0 load pin(s).
INFO: [Project 1-111] Unisim Transformation Summary:
No Unisim elements were transformed.

INFO: [Common 17-83] Releasing license: Synthesis
90 Infos, 56 Warnings, 0 Critical Warnings and 0 Errors encountered.
synth_design completed successfully
synth_design: Time (s): cpu = 00:00:54 ; elapsed = 00:01:32 . Memory (MB): peak = 2615.438 ; gain = 1239.602 ; free physical = 183 ; free virtual = 15386
INFO: [Common 17-1381] The checkpoint '/home/matt/Git/dma_issue_demonstrator/te0808_project/te0808_project.runs/synth_1/zusys_wrapper.dcp' has been generated.
INFO: [runtcl-4] Executing : report_utilization -file zusys_wrapper_utilization_synth.rpt -pb zusys_wrapper_utilization_synth.pb
report_utilization: Time (s): cpu = 00:00:00.28 ; elapsed = 00:00:00.42 . Memory (MB): peak = 2615.438 ; gain = 0.000 ; free physical = 159 ; free virtual = 15386
INFO: [Common 17-206] Exiting Vivado at Wed Jan 16 10:09:22 2019...
