Vivado Simulator 2017.4
Copyright 1986-1999, 2001-2016 Xilinx, Inc. All Rights Reserved.
Running: /opt/Xilinx/Vivado/2017.4/bin/unwrapped/lnx64.o/xelab -wto 501df36984d1497eb0ba84f4d4317a2b --incr --debug typical --relax --mt 8 -L fifo_generator_v13_2_1 -L xil_defaultlib -L unisims_ver -L unimacro_ver -L secureip -L xpm --snapshot tb_top_behav xil_defaultlib.tb_top xil_defaultlib.glbl -log elaborate.log 
Using 8 slave threads.
Starting static elaboration
Completed static elaboration
Starting simulation data flow analysis
Completed simulation data flow analysis
Time Resolution for simulation is 1ps
Compiling package std.standard
Compiling package std.textio
Compiling package ieee.std_logic_1164
Compiling package ieee.math_real
Compiling package ieee.numeric_std
Compiling package xil_defaultlib.common_pkg
Compiling package xil_defaultlib.tb_pkg
Compiling package ieee.std_logic_arith
Compiling package ieee.std_logic_unsigned
Compiling package synopsys.attributes
Compiling package ieee.std_logic_misc
Compiling package fifo_generator_v13_2_1.fifo_generator_v13_2_1_pkg
Compiling package xpm.vcomponents
Compiling package unisim.vcomponents
Compiling package ieee.vital_timing
Compiling package ieee.vital_primitives
Compiling package unisim.vpkg
Compiling package vl.vl_types
Compiling module xil_defaultlib.glbl
Compiling architecture arch_imp of entity xil_defaultlib.S00_AXIS [s00_axis_default]
Compiling architecture fifo36e2_v of entity unisim.FIFO36E2 [\FIFO36E2(clock_domains="COMMON"...]
Compiling architecture xilinx of entity fifo_generator_v13_2_1.builtin_prim [\builtin_prim(c_din_width=25,c_d...]
Compiling architecture xilinx of entity fifo_generator_v13_2_1.builtin_extdepth [\builtin_extdepth(c_family="8SER...]
Compiling architecture xilinx of entity fifo_generator_v13_2_1.builtin_top [\builtin_top(c_family="8SERIES",...]
Compiling architecture xilinx of entity fifo_generator_v13_2_1.input_blk [\input_blk(c_din_width=25,c_pktf...]
Compiling architecture xilinx of entity fifo_generator_v13_2_1.output_blk [\output_blk(c_dout_width=25,c_pk...]
Compiling architecture xilinx of entity fifo_generator_v13_2_1.fifo_generator_v13_2_1_builtin [\fifo_generator_v13_2_1_builtin(...]
Compiling architecture xilinx of entity fifo_generator_v13_2_1.fifo_generator_top [\fifo_generator_top(c_family="vi...]
Compiling architecture xilinx of entity fifo_generator_v13_2_1.fifo_generator_v13_2_1_synth [\fifo_generator_v13_2_1_synth(c_...]
Compiling module fifo_generator_v13_2_1.fifo_generator_v13_2_1(C_COMMON_...
Compiling module xil_defaultlib.fifo_generator_0
Compiling architecture behavioral of entity xil_defaultlib.controller [controller_default]
Compiling architecture implementation of entity xil_defaultlib.M00_AXIS [m00_axis_default]
Compiling architecture arch_imp of entity xil_defaultlib.top [top_default]
Compiling architecture behavioral of entity xil_defaultlib.tb_top
Built simulation snapshot tb_top_behav
