10:28:43 **** Clean-only build of project standalone_bsp_0 ****
make -k clean 
make -C psu_cortexa53_0/libsrc/ipipsu_v2_3/src -s clean 
make -C psu_cortexa53_0/libsrc/gpiops_v3_3/src -s clean 
make -C psu_cortexa53_0/libsrc/scugic_v3_8/src -s clean 
make -C psu_cortexa53_0/libsrc/qspipsu_v1_6/src -s clean 
make -C psu_cortexa53_0/libsrc/sysmonpsu_v2_2/src -s clean 
make -C psu_cortexa53_0/libsrc/standalone_v6_5/src -s clean 
make -C psu_cortexa53_0/libsrc/zdma_v1_4/src -s clean 
make -C psu_cortexa53_0/libsrc/ttcps_v3_5/src -s clean 
make -C psu_cortexa53_0/libsrc/cpu_cortexa53_v1_5/src -s clean 
make -C psu_cortexa53_0/libsrc/rtcpsu_v1_5/src -s clean 
make -C psu_cortexa53_0/libsrc/axidma_v9_5/src -s clean 
make -C psu_cortexa53_0/libsrc/ddrcpsu_v1_1/src -s clean 
make -C psu_cortexa53_0/libsrc/csudma_v1_1/src -s clean 
make -C psu_cortexa53_0/libsrc/iicps_v3_5/src -s clean 
make -C psu_cortexa53_0/libsrc/sdps_v3_3/src -s clean 
make -C psu_cortexa53_0/libsrc/emacps_v3_6/src -s clean 
make -C psu_cortexa53_0/libsrc/wdtps_v3_0/src -s clean 
make -C psu_cortexa53_0/libsrc/axipmon_v6_6/src -s clean 
make -C psu_cortexa53_0/libsrc/coresightps_dcc_v1_4/src -s clean 
make -C psu_cortexa53_0/libsrc/usbpsu_v1_3/src -s clean 
make -C psu_cortexa53_0/libsrc/uartps_v3_5/src -s clean 
rm -f psu_cortexa53_0/lib/libxil.a

10:28:43 Build Finished (took 470ms)

