Copyright 1986-2017 Xilinx, Inc. All Rights Reserved.
------------------------------------------------------------------------------------
| Tool Version : Vivado v.2017.4 (lin64) Build 2086221 Fri Dec 15 20:54:30 MST 2017
| Date         : Mon Jan 14 15:28:33 2019
| Host         : matt-HP-EliteBook-Folio-9470m running 64-bit Ubuntu 16.04.4 LTS
| Command      : upgrade_ip
| Device       : xczu9eg-ffvc900-1-i-es1
------------------------------------------------------------------------------------

Upgrade Log for IP 'zusys_top_0_0'

1. Summary
----------

CAUTION (success, with warnings) in the upgrade of zusys_top_0_0 from user.org:user:top:1.3 (Rev. 6) to user.org:user:top:1.4 (Rev. 7)

After upgrade, an IP may have parameter and port differences compared to the original customization. Please review the parameters within the IP customization GUI to ensure proper functionality. Also, please review the updated IP instantiation template to ensure proper connectivity, and update your design if required.

2. Connection Warnings
----------------------

Detected external port differences while upgrading 'zusys_top_0_0'. These changes may impact your design.


-Upgrade has removed port 'm00_axis_tkeep'

-Upgrade has removed port 'm00_axis_tuser'

-Upgrade has added port 'm00_axis_tstrb'







Copyright 1986-2017 Xilinx, Inc. All Rights Reserved.
------------------------------------------------------------------------------------
| Tool Version : Vivado v.2017.4 (lin64) Build 2086221 Fri Dec 15 20:54:30 MST 2017
| Date         : Mon Jan 14 11:37:46 2019
| Host         : matt-HP-EliteBook-Folio-9470m running 64-bit Ubuntu 16.04.4 LTS
| Command      : upgrade_ip
| Device       : xczu9eg-ffvc900-1-i-es1
------------------------------------------------------------------------------------

Upgrade Log for IP 'zusys_top_0_0'

1. Summary
----------

CAUTION (success, with warnings) in the upgrade of zusys_top_0_0 from user.org:user:top:1.2 (Rev. 4) to user.org:user:top:1.3 (Rev. 6)

After upgrade, an IP may have parameter and port differences compared to the original customization. Please review the parameters within the IP customization GUI to ensure proper functionality. Also, please review the updated IP instantiation template to ensure proper connectivity, and update your design if required.

2. Connection Warnings
----------------------

Detected external port differences while upgrading 'zusys_top_0_0'. These changes may impact your design.


-Upgrade has added port 'm00_axis_tuser'







Copyright 1986-2017 Xilinx, Inc. All Rights Reserved.
------------------------------------------------------------------------------------
| Tool Version : Vivado v.2017.4 (lin64) Build 2086221 Fri Dec 15 20:54:30 MST 2017
| Date         : Mon Jan 14 10:58:47 2019
| Host         : matt-HP-EliteBook-Folio-9470m running 64-bit Ubuntu 16.04.4 LTS
| Command      : upgrade_ip
| Device       : xczu9eg-ffvc900-1-i-es1
------------------------------------------------------------------------------------

Upgrade Log for IP 'zusys_top_0_0'

1. Summary
----------

CAUTION (success, with warnings) in the upgrade of zusys_top_0_0 from user.org:user:top:1.1 (Rev. 3) to user.org:user:top:1.2 (Rev. 4)

After upgrade, an IP may have parameter and port differences compared to the original customization. Please review the parameters within the IP customization GUI to ensure proper functionality. Also, please review the updated IP instantiation template to ensure proper connectivity, and update your design if required.

2. Connection Warnings
----------------------

Detected external port differences while upgrading 'zusys_top_0_0'. These changes may impact your design.


-Upgrade has removed port 'm00_axis_tstrb'







Copyright 1986-2017 Xilinx, Inc. All Rights Reserved.
------------------------------------------------------------------------------------
| Tool Version : Vivado v.2017.4 (lin64) Build 2086221 Fri Dec 15 20:54:30 MST 2017
| Date         : Mon Jan 14 09:42:38 2019
| Host         : matt-HP-EliteBook-Folio-9470m running 64-bit Ubuntu 16.04.4 LTS
| Command      : upgrade_ip
| Device       : xczu9eg-ffvc900-1-i-es1
------------------------------------------------------------------------------------

Upgrade Log for IP 'zusys_top_0_0'

1. Summary
----------

CAUTION (success, with warnings) in the upgrade of zusys_top_0_0 from user.org:user:top:1.0 (Rev. 2) to user.org:user:top:1.1 (Rev. 3)

After upgrade, an IP may have parameter and port differences compared to the original customization. Please review the parameters within the IP customization GUI to ensure proper functionality. Also, please review the updated IP instantiation template to ensure proper connectivity, and update your design if required.

2. Connection Warnings
----------------------

Detected external port differences while upgrading 'zusys_top_0_0'. These changes may impact your design.


-Upgrade has added port 'm00_axis_tkeep'


